\BOOKMARK [0][-]{chapter.1}{Overview}{}% 1
\BOOKMARK [1][-]{section.1.1}{Block Diagram of the Architecture}{chapter.1}% 2
\BOOKMARK [1][-]{section.1.2}{Class Diagram of the Memory Layout}{chapter.1}% 3
\BOOKMARK [0][-]{chapter.2}{Quickstart}{}% 4
\BOOKMARK [1][-]{section.2.1}{Jumping into PyRegisterMachine2}{chapter.2}% 5
\BOOKMARK [1][-]{section.2.2}{A simple Code Loader}{chapter.2}% 6
\BOOKMARK [0][-]{chapter.3}{py\137register\137machine2.core}{}% 7
\BOOKMARK [1][-]{section.3.1}{Parts}{chapter.3}% 8
\BOOKMARK [1][-]{section.3.2}{Memory}{chapter.3}% 9
\BOOKMARK [1][-]{section.3.3}{Devices}{chapter.3}% 10
\BOOKMARK [1][-]{section.3.4}{Register}{chapter.3}% 11
\BOOKMARK [1][-]{section.3.5}{Processor}{chapter.3}% 12
\BOOKMARK [1][-]{section.3.6}{Commands}{chapter.3}% 13
\BOOKMARK [1][-]{section.3.7}{Interrupts}{chapter.3}% 14
\BOOKMARK [0][-]{chapter.4}{py\137register\137machine2.commands}{}% 15
\BOOKMARK [1][-]{section.4.1}{Basic Commands}{chapter.4}% 16
\BOOKMARK [0][-]{chapter.5}{py\137register\137machine2.machines}{}% 17
\BOOKMARK [1][-]{section.5.1}{Small Machines}{chapter.5}% 18
\BOOKMARK [0][-]{chapter.6}{Tools}{}% 19
\BOOKMARK [1][-]{section.6.1}{Basic Assembler}{chapter.6}% 20
\BOOKMARK [1][-]{section.6.2}{Assembly Directives}{chapter.6}% 21
\BOOKMARK [0][-]{chapter.7}{Developer's Guide}{}% 22
\BOOKMARK [1][-]{section.7.1}{Contributing}{chapter.7}% 23
\BOOKMARK [1][-]{section.7.2}{Engine Tools}{chapter.7}% 24
\BOOKMARK [0][-]{chapter.8}{Installing PyRegisterMachine2}{}% 25
\BOOKMARK [1][-]{section.8.1}{From Source}{chapter.8}% 26
\BOOKMARK [1][-]{section.8.2}{Using PyPi}{chapter.8}% 27
\BOOKMARK [0][-]{section*.161}{Python Module Index}{}% 28
